c:\users\namchanwoo\desktop\portfolio\dx11 (2) (1)\winapi32\debug\winapi32.pch
c:\users\namchanwoo\desktop\portfolio\dx11 (2) (1)\winapi32\debug\vc141.pdb
c:\users\namchanwoo\desktop\portfolio\dx11 (2) (1)\winapi32\debug\vc141.idb
c:\users\namchanwoo\desktop\portfolio\dx11 (2) (1)\winapi32\debug\image.obj
c:\users\namchanwoo\desktop\portfolio\dx11 (2) (1)\winapi32\debug\scene1.obj
c:\users\namchanwoo\desktop\portfolio\dx11 (2) (1)\winapi32\debug\enemy.obj
c:\users\namchanwoo\desktop\portfolio\dx11 (2) (1)\winapi32\debug\line.obj
c:\users\namchanwoo\desktop\portfolio\dx11 (2) (1)\winapi32\debug\player.obj
c:\users\namchanwoo\desktop\portfolio\dx11 (2) (1)\winapi32\debug\scenemanager.obj
c:\users\namchanwoo\desktop\portfolio\dx11 (2) (1)\winapi32\debug\scene2.obj
c:\users\namchanwoo\desktop\portfolio\dx11 (2) (1)\winapi32\debug\keymanager.obj
c:\users\namchanwoo\desktop\portfolio\dx11 (2) (1)\winapi32\debug\circle.obj
c:\users\namchanwoo\desktop\portfolio\dx11 (2) (1)\winapi32\debug\object.obj
c:\users\namchanwoo\desktop\portfolio\dx11 (2) (1)\winapi32\debug\rect.obj
c:\users\namchanwoo\desktop\portfolio\dx11 (2) (1)\winapi32\debug\cammanager.obj
c:\users\namchanwoo\desktop\portfolio\dx11 (2) (1)\winapi32\debug\maingame.obj
c:\users\namchanwoo\desktop\portfolio\dx11 (2) (1)\winapi32\debug\star.obj
c:\users\namchanwoo\desktop\portfolio\dx11 (2) (1)\winapi32\debug\shader.obj
c:\users\namchanwoo\desktop\portfolio\dx11 (2) (1)\winapi32\debug\timemanager.obj
c:\users\namchanwoo\desktop\portfolio\dx11 (2) (1)\winapi32\debug\soundmanager.obj
c:\users\namchanwoo\desktop\portfolio\dx11 (2) (1)\winapi32\debug\tilemap.obj
c:\users\namchanwoo\desktop\portfolio\dx11 (2) (1)\winapi32\debug\writemanager.obj
c:\users\namchanwoo\desktop\portfolio\dx11 (2) (1)\winapi32\debug\win32api.obj
c:\users\namchanwoo\desktop\portfolio\dx11 (2) (1)\debug\winapi32.exe
c:\users\namchanwoo\desktop\portfolio\dx11 (2) (1)\debug\winapi32.ilk
c:\users\namchanwoo\desktop\portfolio\dx11 (2) (1)\debug\winapi32.pdb
c:\users\namchanwoo\desktop\portfolio\dx11 (2) (1)\winapi32\debug\winapi32.tlog\cl.command.1.tlog
c:\users\namchanwoo\desktop\portfolio\dx11 (2) (1)\winapi32\debug\winapi32.tlog\cl.read.1.tlog
c:\users\namchanwoo\desktop\portfolio\dx11 (2) (1)\winapi32\debug\winapi32.tlog\cl.write.1.tlog
c:\users\namchanwoo\desktop\portfolio\dx11 (2) (1)\winapi32\debug\winapi32.tlog\link.command.1.tlog
c:\users\namchanwoo\desktop\portfolio\dx11 (2) (1)\winapi32\debug\winapi32.tlog\link.read.1.tlog
c:\users\namchanwoo\desktop\portfolio\dx11 (2) (1)\winapi32\debug\winapi32.tlog\link.write.1.tlog
